Build started 6/19/2013 11:11:57 AM.
     1>Project "C:\Users\lh178-03\Documents\AGK\IDE\templates\First - TRW's AGK\New Proj Template Folder\template.vcxproj" on node 2 (build target(s)).
     1>C:\Program Files (x86)\MSBuild\Microsoft.Cpp\v4.0\Microsoft.CppBuild.targets(298,5): warning MSB8004: Intermediate Directory does not end with a trailing slash.  This build instance will add the slash as it is required to allow proper evaluation of the Intermediate Directory.
     1>C:\Program Files (x86)\MSBuild\Microsoft.Cpp\v4.0\Microsoft.CppBuild.targets(299,5): warning MSB8004: Output Directory does not end with a trailing slash.  This build instance will add the slash as it is required to allow proper evaluation of the Output Directory.
     1>InitializeBuildStatus:
         Creating "C:\Users\lh178-03\Documents\AGK\IDE\templates\First - TRW's AGK\New Proj Template Folder\\Final\template.unsuccessfulbuild" because "AlwaysCreate" was specified.
       ClCompile:
         c:\Program Files (x86)\Microsoft Visual Studio 10.0\VC\bin\CL.exe /c /I..\..\common\Include /Zi /nologo /W3 /WX- /O2 /Oi /Oy- /GL /D AGKWINDOWS /D IDE_VS2008 /D WIN32 /D NDEBUG /D _WINDOWS /D IDE_VS2008 /D _CRT_SECURE_NO_WARNINGS /Gm- /EHsc /MT /GS /Gy /fp:precise /Zc:wchar_t /Zc:forScope /Fo"C:\Users\lh178-03\Documents\AGK\IDE\templates\First - TRW's AGK\New Proj Template Folder\\Final\\" /Fd"C:\Users\lh178-03\Documents\AGK\IDE\templates\First - TRW's AGK\New Proj Template Folder\\Final\vc100.pdb" /Gd /TP /wd4996 /analyze- /errorReport:prompt Core.cpp template.cpp
         Core.cpp
     1>Core.cpp(11): fatal error C1083: Cannot open include file: 'AGK.h': No such file or directory
         template.cpp
     1>c:\users\lh178-03\documents\agk\ide\templates\first - trw's agk\new proj template folder\template.h(5): fatal error C1083: Cannot open include file: 'agk.h': No such file or directory
     1>Done Building Project "C:\Users\lh178-03\Documents\AGK\IDE\templates\First - TRW's AGK\New Proj Template Folder\template.vcxproj" (build target(s)) -- FAILED.

Build FAILED.

Time Elapsed 00:00:00.65
